#! c:/iverilog-x64/bin/vvp
:ivl_version "10.1 (stable)" "(v10_1_1)";
:ivl_delay_selection "TYPICAL";
:vpi_time_precision + 0;
:vpi_module "system";
:vpi_module "vhdl_sys";
:vpi_module "v2005_math";
:vpi_module "va_math";
:vpi_module "v2009";
S_00000000046da1c0 .scope module, "counter_tb" "counter_tb" 2 27;
 .timescale 0 0;
v000000000472d080_0 .var "clk", 0 0;
v000000000472d120_0 .var "data", 9 0;
v000000000472d1c0_0 .var "load", 0 0;
v000000000472d260_0 .net "tc", 0 0, L_0000000004785870;  1 drivers
S_00000000000dde80 .scope module, "dut" "counter" 2 32, 2 1 0, S_00000000046da1c0;
 .timescale 0 0;
    .port_info 0 /INPUT 1 "clk"
    .port_info 1 /INPUT 1 "load"
    .port_info 2 /INPUT 10 "data"
    .port_info 3 /OUTPUT 1 "tc"
v00000000000de000_0 .var "R", 9 0;
v000000000472ce00_0 .net *"_s0", 31 0, L_000000000472d300;  1 drivers
L_000000000472d3a8 .functor BUFT 1, C4<0000000000000000000000>, C4<0>, C4<0>, C4<0>;
v000000000472cea0_0 .net *"_s3", 21 0, L_000000000472d3a8;  1 drivers
L_000000000472d3f0 .functor BUFT 1, C4<00000000000000000000000000000000>, C4<0>, C4<0>, C4<0>;
v00000000000de0a0_0 .net/2u *"_s4", 31 0, L_000000000472d3f0;  1 drivers
v00000000000de140_0 .net "clk", 0 0, v000000000472d080_0;  1 drivers
v00000000000de1e0_0 .net "data", 9 0, v000000000472d120_0;  1 drivers
v000000000472cf40_0 .net "load", 0 0, v000000000472d1c0_0;  1 drivers
v000000000472cfe0_0 .net "tc", 0 0, L_0000000004785870;  alias, 1 drivers
E_00000000046d42e0 .event posedge, v00000000000de140_0;
L_000000000472d300 .concat [ 10 22 0 0], v00000000000de000_0, L_000000000472d3a8;
L_0000000004785870 .cmp/eq 32, L_000000000472d300, L_000000000472d3f0;
    .scope S_00000000000dde80;
T_0 ;
    %wait E_00000000046d42e0;
    %load/vec4 v000000000472cf40_0;
    %flag_set/vec4 8;
    %jmp/0xz  T_0.0, 8;
    %load/vec4 v00000000000de1e0_0;
    %assign/vec4 v00000000000de000_0, 0;
    %jmp T_0.1;
T_0.0 ;
    %load/vec4 v00000000000de000_0;
    %pad/u 32;
    %cmpi/e 0, 0, 32;
    %jmp/0xz  T_0.2, 4;
    %pushi/vec4 0, 0, 10;
    %assign/vec4 v00000000000de000_0, 0;
    %jmp T_0.3;
T_0.2 ;
    %load/vec4 v00000000000de000_0;
    %subi 1, 0, 10;
    %assign/vec4 v00000000000de000_0, 0;
T_0.3 ;
T_0.1 ;
    %jmp T_0;
    .thread T_0;
    .scope S_00000000046da1c0;
T_1 ;
    %pushi/vec4 1, 0, 1;
    %store/vec4 v000000000472d080_0, 0, 1;
T_1.0 ;
    %delay 5, 0;
    %load/vec4 v000000000472d080_0;
    %inv;
    %store/vec4 v000000000472d080_0, 0, 1;
    %jmp T_1.0;
    %end;
    .thread T_1;
    .scope S_00000000046da1c0;
T_2 ;
    %pushi/vec4 3, 0, 10;
    %store/vec4 v000000000472d120_0, 0, 10;
    %pushi/vec4 1, 0, 1;
    %store/vec4 v000000000472d1c0_0, 0, 1;
    %delay 10, 0;
    %pushi/vec4 0, 0, 1;
    %store/vec4 v000000000472d1c0_0, 0, 1;
    %vpi_call/w 2 41 "$monitor", "t=%2d tc=%1b", $time, v000000000472d260_0 {0 0 0};
    %delay 40, 0;
    %pushi/vec4 2, 0, 10;
    %store/vec4 v000000000472d120_0, 0, 10;
    %pushi/vec4 1, 0, 1;
    %store/vec4 v000000000472d1c0_0, 0, 1;
    %delay 10, 0;
    %pushi/vec4 0, 0, 1;
    %store/vec4 v000000000472d1c0_0, 0, 1;
    %delay 60, 0;
    %vpi_call/w 2 44 "$stop" {0 0 0};
    %end;
    .thread T_2;
    .scope S_00000000046da1c0;
T_3 ;
    %vpi_call/w 2 47 "$dumpvars", 32'sb00000000000000000000000000000000, S_00000000046da1c0 {0 0 0};
    %end;
    .thread T_3;
# The file index is used to find the file name in the following table.
:file_names 3;
    "N/A";
    "<interactive>";
    "counter.sv";
